manifest-merger-release-report.txt
-- Merging decision tree log ---
manifest
ADDED from AndroidManifest.xml:2:1
	android:hardwareAccelerated
		ADDED from AndroidManifest.xml:2:11
	xmlns:android
		ADDED from AndroidManifest.xml:2:74
	package
		ADDED from AndroidManifest.xml:2:46
	android:versionName
		INJECTED from AndroidManifest.xml:0:0
		INJECTED from AndroidManifest.xml:0:0
	android:versionCode
		INJECTED from AndroidManifest.xml:0:0
		INJECTED from AndroidManifest.xml:0:0
supports-screens
ADDED from AndroidManifest.xml:3:5
	android:resizeable
		ADDED from AndroidManifest.xml:3:106
	android:largeScreens
		ADDED from AndroidManifest.xml:3:49
	android:anyDensity
		ADDED from AndroidManifest.xml:3:23
	android:normalScreens
		ADDED from AndroidManifest.xml:3:77
	android:xlargeScreens
		ADDED from AndroidManifest.xml:3:160
	android:smallScreens
		ADDED from AndroidManifest.xml:3:132
uses-sdk
ADDED from AndroidManifest.xml:4:5
MERGED from android:CordovaLib:unspecified:25:5
MERGED from com.google.android.gms:play-services:6.5.87:18:5
MERGED from com.android.support:support-v4:21.0.0:15:5
	android:targetSdkVersion
		ADDED from AndroidManifest.xml:4:42
	android:minSdkVersion
		ADDED from AndroidManifest.xml:4:15
uses-permission#android.permission.ACCESS_NETWORK_STATE
ADDED from AndroidManifest.xml:5:5
	android:name
		ADDED from AndroidManifest.xml:5:22
uses-permission#android.permission.INTERNET
ADDED from AndroidManifest.xml:6:5
	android:name
		ADDED from AndroidManifest.xml:6:22
application
ADDED from AndroidManifest.xml:7:5
MERGED from com.google.android.gms:play-services:6.5.87:20:5
MERGED from com.android.support:support-v4:21.0.0:16:5
	android:label
		ADDED from AndroidManifest.xml:7:133
	android:allowBackup
		ADDED from AndroidManifest.xml:7:40
	android:icon
		ADDED from AndroidManifest.xml:7:103
	android:hardwareAccelerated
		ADDED from AndroidManifest.xml:7:68
	android:name
		ADDED from AndroidManifest.xml:7:18
activity#de.rsp24.schloebe.RSP24MobilActivity
ADDED from AndroidManifest.xml:8:9
	android:windowSoftInputMode
		ADDED from AndroidManifest.xml:8:255
	android:label
		ADDED from AndroidManifest.xml:8:97
	android:configChanges
		ADDED from AndroidManifest.xml:8:19
	android:theme
		ADDED from AndroidManifest.xml:8:201
	android:name
		ADDED from AndroidManifest.xml:8:166
	android:launchMode
		ADDED from AndroidManifest.xml:8:135
intent-filter#android.intent.action.MAIN+android.intent.category.LAUNCHER
ADDED from AndroidManifest.xml:9:13
	android:label
		ADDED from AndroidManifest.xml:9:28
action#android.intent.action.MAIN
ADDED from AndroidManifest.xml:10:17
	android:name
		ADDED from AndroidManifest.xml:10:25
category#android.intent.category.LAUNCHER
ADDED from AndroidManifest.xml:11:17
	android:name
		ADDED from AndroidManifest.xml:11:27
intent-filter#android.intent.action.SEND+android.intent.category.DEFAULT
ADDED from AndroidManifest.xml:13:13
action#android.intent.action.SEND
ADDED from AndroidManifest.xml:14:17
	android:name
		ADDED from AndroidManifest.xml:14:25
category#android.intent.category.DEFAULT
ADDED from AndroidManifest.xml:15:17
	android:name
		ADDED from AndroidManifest.xml:15:27
data
ADDED from AndroidManifest.xml:16:17
	android:mimeType
		ADDED from AndroidManifest.xml:16:23
meta-data#com.google.android.gms.version
ADDED from AndroidManifest.xml:19:9
MERGED from com.google.android.gms:play-services:6.5.87:21:9
	android:name
		ADDED from AndroidManifest.xml:19:20
	android:value
		ADDED from AndroidManifest.xml:19:66
meta-data#com.google.android.gms.analytics.globalConfigResource
ADDED from AndroidManifest.xml:20:9
	android:resource
		ADDED from AndroidManifest.xml:20:89
	android:name
		ADDED from AndroidManifest.xml:20:20